<?xml version="1.0" encoding="UTF-8"?>
<!-- Generated by org.testng.reporters.JUnitXMLReporter -->
<testsuite hostname="MFSPLLAP44" name="Wallet Account" tests="17" failures="0" timestamp="23 Oct 2017 09:21:55 GMT" time="69.579" errors="0">
  <testcase name="login" time="3.089" classname="com.mode.TestNG.wallet.WalletAccount"/>
  <testcase name="selectingMaker" time="3.23" classname="com.mode.TestNG.wallet.WalletAccount"/>
  <testcase name="register" time="1.723" classname="com.mode.TestNG.wallet.WalletAccount"/>
  <testcase name="searchMaker" time="6.059" classname="com.mode.TestNG.wallet.WalletAccount"/>
  <testcase name="edit" time="5.747" classname="com.mode.TestNG.wallet.WalletAccount"/>
  <testcase name="auditLog" time="2.78" classname="com.mode.TestNG.wallet.WalletAccount"/>
  <testcase name="approvalHistory" time="2.267" classname="com.mode.TestNG.wallet.WalletAccount"/>
  <testcase name="submitRecord" time="3.162" classname="com.mode.TestNG.wallet.WalletAccount"/>
  <testcase name="logout" time="1.751" classname="com.mode.TestNG.wallet.WalletAccount"/>
  <testcase name="checkerLogin" time="3.48" classname="com.mode.TestNG.wallet.WalletAccount"/>
  <testcase name="selectChecker" time="2.436" classname="com.mode.TestNG.wallet.WalletAccount"/>
  <testcase name="searchChecker" time="6.076" classname="com.mode.TestNG.wallet.WalletAccount"/>
  <testcase name="approve" time="1.662" classname="com.mode.TestNG.wallet.WalletAccount"/>
  <testcase name="selectAdmin" time="2.386" classname="com.mode.TestNG.wallet.WalletAccount"/>
  <testcase name="searchAdmin" time="6.015" classname="com.mode.TestNG.wallet.WalletAccount"/>
  <testcase name="view" time="3.435" classname="com.mode.TestNG.wallet.WalletAccount"/>
  <testcase name="checkerLogout" time="1.339" classname="com.mode.TestNG.wallet.WalletAccount"/>
</testsuite> <!-- Wallet Account -->
