<?xml version="1.0" encoding="UTF-8"?>
<!-- Generated by org.testng.reporters.JUnitXMLReporter -->
<testsuite hostname="MFSPLLAP44" name="Customer Category range" tests="16" failures="0" timestamp="23 Oct 2017 09:04:08 GMT" time="63.179" errors="0">
  <testcase name="login" time="2.952" classname="com.mode.TestNG.configuration.CustomerCategory"/>
  <testcase name="selectingMaker" time="3.062" classname="com.mode.TestNG.configuration.CustomerCategory"/>
  <testcase name="register" time="2.143" classname="com.mode.TestNG.configuration.CustomerCategory"/>
  <testcase name="searchMaker" time="6.172" classname="com.mode.TestNG.configuration.CustomerCategory"/>
  <testcase name="edit" time="5.79" classname="com.mode.TestNG.configuration.CustomerCategory"/>
  <testcase name="auditLog" time="1.77" classname="com.mode.TestNG.configuration.CustomerCategory"/>
  <testcase name="approvalHistory" time="2.279" classname="com.mode.TestNG.configuration.CustomerCategory"/>
  <testcase name="submitRecord" time="3.22" classname="com.mode.TestNG.configuration.CustomerCategory"/>
  <testcase name="logout" time="1.964" classname="com.mode.TestNG.configuration.CustomerCategory"/>
  <testcase name="checkerLogin" time="3.795" classname="com.mode.TestNG.configuration.CustomerCategory"/>
  <testcase name="selectChecker" time="3.08" classname="com.mode.TestNG.configuration.CustomerCategory"/>
  <testcase name="searchChecker" time="4.073" classname="com.mode.TestNG.configuration.CustomerCategory"/>
  <testcase name="approve" time="1.397" classname="com.mode.TestNG.configuration.CustomerCategory"/>
  <testcase name="selectAdmin" time="2.834" classname="com.mode.TestNG.configuration.CustomerCategory"/>
  <testcase name="searchAdmin" time="4.016" classname="com.mode.TestNG.configuration.CustomerCategory"/>
  <testcase name="checkerLogout" time="1.341" classname="com.mode.TestNG.configuration.CustomerCategory"/>
</testsuite> <!-- Customer Category range -->
