<?xml version="1.0" encoding="UTF-8"?>
<!-- Generated by org.testng.reporters.JUnitXMLReporter -->
<testsuite hostname="MFSPLLAP44" name="Wallet Withdrawl" tests="17" failures="0" timestamp="23 Oct 2017 09:26:26 GMT" time="67.739" errors="0">
  <testcase name="login" time="3.092" classname="com.mode.TestNG.wallet.WalletWithdraw"/>
  <testcase name="selectingMaker" time="2.975" classname="com.mode.TestNG.wallet.WalletWithdraw"/>
  <testcase name="withdraw" time="2.15" classname="com.mode.TestNG.wallet.WalletWithdraw"/>
  <testcase name="searchMaker" time="5.104" classname="com.mode.TestNG.wallet.WalletWithdraw"/>
  <testcase name="edit" time="5.723" classname="com.mode.TestNG.wallet.WalletWithdraw"/>
  <testcase name="auditLog" time="2.849" classname="com.mode.TestNG.wallet.WalletWithdraw"/>
  <testcase name="approvalHistory" time="2.332" classname="com.mode.TestNG.wallet.WalletWithdraw"/>
  <testcase name="submitRecord" time="3.242" classname="com.mode.TestNG.wallet.WalletWithdraw"/>
  <testcase name="logout" time="1.398" classname="com.mode.TestNG.wallet.WalletWithdraw"/>
  <testcase name="checkerLogin" time="3.547" classname="com.mode.TestNG.wallet.WalletWithdraw"/>
  <testcase name="selectChecker" time="2.374" classname="com.mode.TestNG.wallet.WalletWithdraw"/>
  <testcase name="searchChecker" time="5.113" classname="com.mode.TestNG.wallet.WalletWithdraw"/>
  <testcase name="approve" time="2.147" classname="com.mode.TestNG.wallet.WalletWithdraw"/>
  <testcase name="selectAdmin" time="2.459" classname="com.mode.TestNG.wallet.WalletWithdraw"/>
  <testcase name="searchAdmin" time="4.992" classname="com.mode.TestNG.wallet.WalletWithdraw"/>
  <testcase name="view" time="3.407" classname="com.mode.TestNG.wallet.WalletWithdraw"/>
  <testcase name="checkerLogout" time="1.32" classname="com.mode.TestNG.wallet.WalletWithdraw"/>
</testsuite> <!-- Wallet Withdrawl -->
