<?xml version="1.0" encoding="UTF-8"?>
<!-- Generated by org.testng.reporters.JUnitXMLReporter -->
<testsuite hostname="MFSPLLAP44" name="Customer Infor Update" tests="17" failures="0" timestamp="23 Oct 2017 09:00:39 GMT" time="68.001" errors="0">
  <testcase name="login" time="3.054" classname="com.mode.TestNG.customerMaintenance.CustomerInfoUpdate"/>
  <testcase name="selectingMaker" time="3.135" classname="com.mode.TestNG.customerMaintenance.CustomerInfoUpdate"/>
  <testcase name="register" time="3.111" classname="com.mode.TestNG.customerMaintenance.CustomerInfoUpdate"/>
  <testcase name="searchMaker" time="6.131" classname="com.mode.TestNG.customerMaintenance.CustomerInfoUpdate"/>
  <testcase name="edit" time="5.806" classname="com.mode.TestNG.customerMaintenance.CustomerInfoUpdate"/>
  <testcase name="auditLog" time="1.781" classname="com.mode.TestNG.customerMaintenance.CustomerInfoUpdate"/>
  <testcase name="approvalHistory" time="2.253" classname="com.mode.TestNG.customerMaintenance.CustomerInfoUpdate"/>
  <testcase name="submitRecord" time="3.51" classname="com.mode.TestNG.customerMaintenance.CustomerInfoUpdate"/>
  <testcase name="logout" time="1.42" classname="com.mode.TestNG.customerMaintenance.CustomerInfoUpdate"/>
  <testcase name="checkerLogin" time="3.792" classname="com.mode.TestNG.customerMaintenance.CustomerInfoUpdate"/>
  <testcase name="selectChecker" time="2.969" classname="com.mode.TestNG.customerMaintenance.CustomerInfoUpdate"/>
  <testcase name="searchChecker" time="4.071" classname="com.mode.TestNG.customerMaintenance.CustomerInfoUpdate"/>
  <testcase name="approve" time="1.726" classname="com.mode.TestNG.customerMaintenance.CustomerInfoUpdate"/>
  <testcase name="selectAdmin" time="3.003" classname="com.mode.TestNG.customerMaintenance.CustomerInfoUpdate"/>
  <testcase name="searchAdmin" time="4.011" classname="com.mode.TestNG.customerMaintenance.CustomerInfoUpdate"/>
  <testcase name="view" time="3.43" classname="com.mode.TestNG.customerMaintenance.CustomerInfoUpdate"/>
  <testcase name="checkerLogout" time="1.328" classname="com.mode.TestNG.customerMaintenance.CustomerInfoUpdate"/>
</testsuite> <!-- Customer Infor Update -->
