<?xml version="1.0" encoding="UTF-8"?>
<!-- Generated by org.testng.reporters.JUnitXMLReporter -->
<testsuite hostname="MFSPLLAP44" name="Don&#039;t Disturb Timing" tests="17" failures="0" timestamp="23 Oct 2017 09:02:07 GMT" time="67.553" errors="0">
  <testcase name="login" time="2.69" classname="com.mode.TestNG.customerMaintenance.DonotDisturb"/>
  <testcase name="selectingMaker" time="2.999" classname="com.mode.TestNG.customerMaintenance.DonotDisturb"/>
  <testcase name="register" time="1.937" classname="com.mode.TestNG.customerMaintenance.DonotDisturb"/>
  <testcase name="searchMaker" time="6.13" classname="com.mode.TestNG.customerMaintenance.DonotDisturb"/>
  <testcase name="edit" time="5.762" classname="com.mode.TestNG.customerMaintenance.DonotDisturb"/>
  <testcase name="auditLog" time="1.842" classname="com.mode.TestNG.customerMaintenance.DonotDisturb"/>
  <testcase name="approvalHistory" time="2.311" classname="com.mode.TestNG.customerMaintenance.DonotDisturb"/>
  <testcase name="submitRecord" time="4.061" classname="com.mode.TestNG.customerMaintenance.DonotDisturb"/>
  <testcase name="logout" time="1.442" classname="com.mode.TestNG.customerMaintenance.DonotDisturb"/>
  <testcase name="checkerLogin" time="3.808" classname="com.mode.TestNG.customerMaintenance.DonotDisturb"/>
  <testcase name="selectChecker" time="3.036" classname="com.mode.TestNG.customerMaintenance.DonotDisturb"/>
  <testcase name="searchChecker" time="4.088" classname="com.mode.TestNG.customerMaintenance.DonotDisturb"/>
  <testcase name="approve" time="1.523" classname="com.mode.TestNG.customerMaintenance.DonotDisturb"/>
  <testcase name="selectAdmin" time="3.029" classname="com.mode.TestNG.customerMaintenance.DonotDisturb"/>
  <testcase name="searchAdmin" time="4.028" classname="com.mode.TestNG.customerMaintenance.DonotDisturb"/>
  <testcase name="view" time="3.419" classname="com.mode.TestNG.customerMaintenance.DonotDisturb"/>
  <testcase name="checkerLogout" time="1.371" classname="com.mode.TestNG.customerMaintenance.DonotDisturb"/>
</testsuite> <!-- Don't Disturb Timing -->
