<?xml version="1.0" encoding="UTF-8"?>
<!-- Generated by org.testng.reporters.JUnitXMLReporter -->
<testsuite hostname="MFSPLLAP44" name="Wallet Customer" tests="17" failures="0" timestamp="23 Oct 2017 09:19:13 GMT" time="69.873" errors="0">
  <testcase name="login" time="2.856" classname="com.mode.TestNG.wallet.WalletCustomer"/>
  <testcase name="selectingMaker" time="3.122" classname="com.mode.TestNG.wallet.WalletCustomer"/>
  <testcase name="register" time="1.878" classname="com.mode.TestNG.wallet.WalletCustomer"/>
  <testcase name="searchMaker" time="6.122" classname="com.mode.TestNG.wallet.WalletCustomer"/>
  <testcase name="edit" time="5.872" classname="com.mode.TestNG.wallet.WalletCustomer"/>
  <testcase name="auditLog" time="2.783" classname="com.mode.TestNG.wallet.WalletCustomer"/>
  <testcase name="approvalHistory" time="2.249" classname="com.mode.TestNG.wallet.WalletCustomer"/>
  <testcase name="submitRecord" time="3.701" classname="com.mode.TestNG.wallet.WalletCustomer"/>
  <testcase name="logout" time="1.464" classname="com.mode.TestNG.wallet.WalletCustomer"/>
  <testcase name="checkerLogin" time="3.71" classname="com.mode.TestNG.wallet.WalletCustomer"/>
  <testcase name="selectChecker" time="2.346" classname="com.mode.TestNG.wallet.WalletCustomer"/>
  <testcase name="searchChecker" time="6.043" classname="com.mode.TestNG.wallet.WalletCustomer"/>
  <testcase name="approve" time="1.326" classname="com.mode.TestNG.wallet.WalletCustomer"/>
  <testcase name="selectAdmin" time="2.407" classname="com.mode.TestNG.wallet.WalletCustomer"/>
  <testcase name="searchAdmin" time="5.987" classname="com.mode.TestNG.wallet.WalletCustomer"/>
  <testcase name="view" time="3.503" classname="com.mode.TestNG.wallet.WalletCustomer"/>
  <testcase name="checkerLogout" time="1.392" classname="com.mode.TestNG.wallet.WalletCustomer"/>
</testsuite> <!-- Wallet Customer -->
