<?xml version="1.0" encoding="UTF-8"?>
<!-- Generated by org.testng.reporters.JUnitXMLReporter -->
<testsuite hostname="MFSPLLAP44" name="Charge Type range" tests="18" failures="0" timestamp="23 Oct 2017 09:09:36 GMT" time="76.811" errors="0">
  <testcase name="login" time="2.848" classname="com.mode.TestNG.configuration.ChargeTypeRange"/>
  <testcase name="selectingMaker" time="3.442" classname="com.mode.TestNG.configuration.ChargeTypeRange"/>
  <testcase name="register" time="2.779" classname="com.mode.TestNG.configuration.ChargeTypeRange"/>
  <testcase name="searchMaker" time="6.159" classname="com.mode.TestNG.configuration.ChargeTypeRange"/>
  <testcase name="edit" time="5.708" classname="com.mode.TestNG.configuration.ChargeTypeRange"/>
  <testcase name="auditLog" time="1.77" classname="com.mode.TestNG.configuration.ChargeTypeRange"/>
  <testcase name="approvalHistory" time="2.267" classname="com.mode.TestNG.configuration.ChargeTypeRange"/>
  <testcase name="submitRecord" time="3.698" classname="com.mode.TestNG.configuration.ChargeTypeRange"/>
  <testcase name="logout" time="1.383" classname="com.mode.TestNG.configuration.ChargeTypeRange"/>
  <testcase name="checkerLogin" time="3.531" classname="com.mode.TestNG.configuration.ChargeTypeRange"/>
  <testcase name="selectChecker" time="2.898" classname="com.mode.TestNG.configuration.ChargeTypeRange"/>
  <testcase name="searchChecker" time="6.076" classname="com.mode.TestNG.configuration.ChargeTypeRange"/>
  <testcase name="approve" time="1.476" classname="com.mode.TestNG.configuration.ChargeTypeRange"/>
  <testcase name="selectAdmin" time="2.932" classname="com.mode.TestNG.configuration.ChargeTypeRange"/>
  <testcase name="searchAdmin" time="6.001" classname="com.mode.TestNG.configuration.ChargeTypeRange"/>
  <testcase name="view" time="3.457" classname="com.mode.TestNG.configuration.ChargeTypeRange"/>
  <testcase name="resetApproval" time="4.318" classname="com.mode.TestNG.configuration.ChargeTypeRange"/>
  <testcase name="checkerLogout" time="1.367" classname="com.mode.TestNG.configuration.ChargeTypeRange"/>
</testsuite> <!-- Charge Type range -->
