<?xml version="1.0" encoding="UTF-8"?>
<!-- Generated by org.testng.reporters.JUnitXMLReporter -->
<testsuite hostname="MFSPLLAP44" name="Account Request" tests="17" failures="0" timestamp="23 Oct 2017 09:30:38 GMT" time="68.35" errors="0">
  <testcase name="login" time="2.947" classname="com.mode.TestNG.jointAccount.JAAccountRequest"/>
  <testcase name="selectingMaker" time="3.031" classname="com.mode.TestNG.jointAccount.JAAccountRequest"/>
  <testcase name="register" time="2.985" classname="com.mode.TestNG.jointAccount.JAAccountRequest"/>
  <testcase name="searchMaker" time="6.179" classname="com.mode.TestNG.jointAccount.JAAccountRequest"/>
  <testcase name="edit" time="5.857" classname="com.mode.TestNG.jointAccount.JAAccountRequest"/>
  <testcase name="auditLog" time="1.768" classname="com.mode.TestNG.jointAccount.JAAccountRequest"/>
  <testcase name="approvalHistory" time="2.293" classname="com.mode.TestNG.jointAccount.JAAccountRequest"/>
  <testcase name="submitRecord" time="3.365" classname="com.mode.TestNG.jointAccount.JAAccountRequest"/>
  <testcase name="logout" time="1.927" classname="com.mode.TestNG.jointAccount.JAAccountRequest"/>
  <testcase name="checkerLogin" time="3.537" classname="com.mode.TestNG.jointAccount.JAAccountRequest"/>
  <testcase name="selectChecker" time="2.923" classname="com.mode.TestNG.jointAccount.JAAccountRequest"/>
  <testcase name="searchChecker" time="4.081" classname="com.mode.TestNG.jointAccount.JAAccountRequest"/>
  <testcase name="approve" time="2.473" classname="com.mode.TestNG.jointAccount.JAAccountRequest"/>
  <testcase name="selectAdmin" time="2.861" classname="com.mode.TestNG.jointAccount.JAAccountRequest"/>
  <testcase name="searchAdmin" time="4.01" classname="com.mode.TestNG.jointAccount.JAAccountRequest"/>
  <testcase name="view" time="3.42" classname="com.mode.TestNG.jointAccount.JAAccountRequest"/>
  <testcase name="checkerLogout" time="1.505" classname="com.mode.TestNG.jointAccount.JAAccountRequest"/>
</testsuite> <!-- Account Request -->
