<?xml version="1.0" encoding="UTF-8"?>
<!-- Generated by org.testng.reporters.JUnitXMLReporter -->
<testsuite hostname="MFSPLLAP44" name="Service Permission" tests="17" failures="0" timestamp="23 Oct 2017 09:12:12 GMT" time="69.382" errors="0">
  <testcase name="login" time="2.886" classname="com.mode.TestNG.configuration.ServicePermissions"/>
  <testcase name="selectingMaker" time="3.146" classname="com.mode.TestNG.configuration.ServicePermissions"/>
  <testcase name="register" time="2.122" classname="com.mode.TestNG.configuration.ServicePermissions"/>
  <testcase name="searchMaker" time="6.132" classname="com.mode.TestNG.configuration.ServicePermissions"/>
  <testcase name="edit" time="5.716" classname="com.mode.TestNG.configuration.ServicePermissions"/>
  <testcase name="auditLog" time="2.778" classname="com.mode.TestNG.configuration.ServicePermissions"/>
  <testcase name="approvalHistory" time="2.26" classname="com.mode.TestNG.configuration.ServicePermissions"/>
  <testcase name="submitRecord" time="3.279" classname="com.mode.TestNG.configuration.ServicePermissions"/>
  <testcase name="logout" time="1.539" classname="com.mode.TestNG.configuration.ServicePermissions"/>
  <testcase name="checkerLogin" time="3.713" classname="com.mode.TestNG.configuration.ServicePermissions"/>
  <testcase name="selectChecker" time="3.06" classname="com.mode.TestNG.configuration.ServicePermissions"/>
  <testcase name="approve" time="1.394" classname="com.mode.TestNG.configuration.ServicePermissions"/>
  <testcase name="selectAdmin" time="4.079" classname="com.mode.TestNG.configuration.ServicePermissions"/>
  <testcase name="searchAdmin" time="6.036" classname="com.mode.TestNG.configuration.ServicePermissions"/>
  <testcase name="view" time="3.422" classname="com.mode.TestNG.configuration.ServicePermissions"/>
  <testcase name="deleteRecord" time="2.78" classname="com.mode.TestNG.configuration.ServicePermissions"/>
  <testcase name="checkerLogout" time="1.299" classname="com.mode.TestNG.configuration.ServicePermissions"/>
</testsuite> <!-- Service Permission -->
