<?xml version="1.0" encoding="UTF-8"?>
<!-- Generated by org.testng.reporters.JUnitXMLReporter -->
<testsuite hostname="MFSPLLAP44" name="Default test" tests="7" failures="0" timestamp="23 Oct 2017 07:02:26 GMT" time="1.761" errors="0">
  <testcase name="deleteAccountRecord" time="0.625" classname="com.mode.TestNG.DBDeletion"/>
  <testcase name="deleteBillerRecord" time="0.101" classname="com.mode.TestNG.DBDeletion"/>
  <testcase name="deleteCustomerRecord" time="0.539" classname="com.mode.TestNG.DBDeletion"/>
  <testcase name="deleteProviderRecord" time="0.065" classname="com.mode.TestNG.DBDeletion"/>
  <testcase name="deleteUserRecord" time="0.064" classname="com.mode.TestNG.DBDeletion"/>
  <testcase name="deleteWalletAccountRecord" time="0.043" classname="com.mode.TestNG.DBDeletion"/>
  <testcase name="deleteWalletCustomerRecord" time="0.053" classname="com.mode.TestNG.DBDeletion"/>
</testsuite> <!-- Default test -->
